2021-06-22 20:17:34.410  INFO 9804 --- [main] com.example.demo.DemoApplication         : Starting DemoApplication using Java 15.0.2 on DESKTOP-QH6JTDM with PID 9804 (C:\Users\HP\Documents\workspace-spring-tool-suite-4-4.10.0.RELEASE\spring-security-curd\target\classes started by HP in C:\Users\HP\Documents\workspace-spring-tool-suite-4-4.10.0.RELEASE\spring-security-curd)
2021-06-22 20:17:34.414  INFO 9804 --- [main] com.example.demo.DemoApplication         : No active profile set, falling back to default profiles: default
2021-06-22 20:17:53.871  INFO 9804 --- [main] .s.d.r.c.RepositoryConfigurationDelegate : Bootstrapping Spring Data JPA repositories in DEFAULT mode.
2021-06-22 20:17:54.376  INFO 9804 --- [main] .s.d.r.c.RepositoryConfigurationDelegate : Finished Spring Data repository scanning in 434 ms. Found 1 JPA repository interfaces.
2021-06-22 20:17:59.410  INFO 9804 --- [main] o.s.b.w.embedded.tomcat.TomcatWebServer  : Tomcat initialized with port(s): 8081 (http)
2021-06-22 20:17:59.556  INFO 9804 --- [main] o.apache.catalina.core.StandardService   : Starting service [Tomcat]
2021-06-22 20:17:59.557  INFO 9804 --- [main] org.apache.catalina.core.StandardEngine  : Starting Servlet engine: [Apache Tomcat/9.0.46]
2021-06-22 20:18:00.722  INFO 9804 --- [main] o.a.c.c.C.[Tomcat].[localhost].[/]       : Initializing Spring embedded WebApplicationContext
2021-06-22 20:18:00.723  INFO 9804 --- [main] w.s.c.ServletWebServerApplicationContext : Root WebApplicationContext: initialization completed in 24943 ms
2021-06-22 20:18:04.795  INFO 9804 --- [main] com.zaxxer.hikari.HikariDataSource       : HikariPool-1 - Starting...
2021-06-22 20:18:08.286  INFO 9804 --- [main] com.zaxxer.hikari.HikariDataSource       : HikariPool-1 - Start completed.
2021-06-22 20:18:09.514  INFO 9804 --- [main] o.hibernate.jpa.internal.util.LogHelper  : HHH000204: Processing PersistenceUnitInfo [name: default]
2021-06-22 20:18:12.800  INFO 9804 --- [main] org.hibernate.Version                    : HHH000412: Hibernate ORM core version 5.4.31.Final
2021-06-22 20:18:21.737  INFO 9804 --- [main] o.hibernate.annotations.common.Version   : HCANN000001: Hibernate Commons Annotations {5.1.2.Final}
2021-06-22 20:18:29.982  INFO 9804 --- [main] org.hibernate.dialect.Dialect            : HHH000400: Using dialect: org.hibernate.dialect.H2Dialect
2021-06-22 20:18:40.008  INFO 9804 --- [main] o.h.e.t.j.p.i.JtaPlatformInitiator       : HHH000490: Using JtaPlatform implementation: [org.hibernate.engine.transaction.jta.platform.internal.NoJtaPlatform]
2021-06-22 20:18:40.082  INFO 9804 --- [main] j.LocalContainerEntityManagerFactoryBean : Initialized JPA EntityManagerFactory for persistence unit 'default'
2021-06-22 20:18:43.805  WARN 9804 --- [main] JpaBaseConfiguration$JpaWebConfiguration : spring.jpa.open-in-view is enabled by default. Therefore, database queries may be performed during view rendering. Explicitly configure spring.jpa.open-in-view to disable this warning
2021-06-22 20:18:46.431  INFO 9804 --- [main] o.s.b.w.embedded.tomcat.TomcatWebServer  : Tomcat started on port(s): 8081 (http) with context path ''
2021-06-22 20:18:46.452  INFO 9804 --- [main] com.example.demo.DemoApplication         : Started DemoApplication in 76.135 seconds (JVM running for 78.552)
2021-06-22 20:18:46.454  INFO 9804 --- [main] o.s.b.a.ApplicationAvailabilityBean      : Application availability state LivenessState changed to CORRECT
2021-06-22 20:18:46.455  INFO 9804 --- [main] o.s.b.a.ApplicationAvailabilityBean      : Application availability state ReadinessState changed to ACCEPTING_TRAFFIC
2021-06-22 20:18:51.540  INFO 9804 --- [http-nio-8081-exec-2] o.a.c.c.C.[Tomcat].[localhost].[/]       : Initializing Spring DispatcherServlet 'dispatcherServlet'
2021-06-22 20:18:51.541  INFO 9804 --- [http-nio-8081-exec-2] o.s.web.servlet.DispatcherServlet        : Initializing Servlet 'dispatcherServlet'
2021-06-22 20:18:51.544  INFO 9804 --- [http-nio-8081-exec-2] o.s.web.servlet.DispatcherServlet        : Completed initialization in 2 ms
2021-06-22 20:18:51.678  INFO 9804 --- [http-nio-8081-exec-2] c.e.demo.services.EmployeeServiceImpl    : get all employee method
2021-06-22 20:20:21.346  INFO 9516 --- [main] com.example.demo.DemoApplication         : Starting DemoApplication using Java 15.0.2 on DESKTOP-QH6JTDM with PID 9516 (C:\Users\HP\Documents\workspace-spring-tool-suite-4-4.10.0.RELEASE\spring-security-curd\target\classes started by HP in C:\Users\HP\Documents\workspace-spring-tool-suite-4-4.10.0.RELEASE\spring-security-curd)
2021-06-22 20:20:21.353  INFO 9516 --- [main] com.example.demo.DemoApplication         : No active profile set, falling back to default profiles: default
2021-06-22 20:20:22.987  INFO 9516 --- [main] .s.d.r.c.RepositoryConfigurationDelegate : Bootstrapping Spring Data JPA repositories in DEFAULT mode.
2021-06-22 20:20:23.139  INFO 9516 --- [main] .s.d.r.c.RepositoryConfigurationDelegate : Finished Spring Data repository scanning in 138 ms. Found 1 JPA repository interfaces.
2021-06-22 20:20:24.883  INFO 9516 --- [main] o.s.b.w.embedded.tomcat.TomcatWebServer  : Tomcat initialized with port(s): 8081 (http)
2021-06-22 20:20:24.955  INFO 9516 --- [main] o.apache.catalina.core.StandardService   : Starting service [Tomcat]
2021-06-22 20:20:24.956  INFO 9516 --- [main] org.apache.catalina.core.StandardEngine  : Starting Servlet engine: [Apache Tomcat/9.0.46]
2021-06-22 20:20:25.274  INFO 9516 --- [main] o.a.c.c.C.[Tomcat].[localhost].[/]       : Initializing Spring embedded WebApplicationContext
2021-06-22 20:20:25.274  INFO 9516 --- [main] w.s.c.ServletWebServerApplicationContext : Root WebApplicationContext: initialization completed in 3831 ms
2021-06-22 20:20:25.520  INFO 9516 --- [main] com.zaxxer.hikari.HikariDataSource       : HikariPool-1 - Starting...
2021-06-22 20:20:25.828  INFO 9516 --- [main] com.zaxxer.hikari.HikariDataSource       : HikariPool-1 - Start completed.
2021-06-22 20:20:26.040  INFO 9516 --- [main] o.hibernate.jpa.internal.util.LogHelper  : HHH000204: Processing PersistenceUnitInfo [name: default]
2021-06-22 20:20:26.232  INFO 9516 --- [main] org.hibernate.Version                    : HHH000412: Hibernate ORM core version 5.4.31.Final
2021-06-22 20:20:26.929  INFO 9516 --- [main] o.hibernate.annotations.common.Version   : HCANN000001: Hibernate Commons Annotations {5.1.2.Final}
2021-06-22 20:20:27.296  INFO 9516 --- [main] org.hibernate.dialect.Dialect            : HHH000400: Using dialect: org.hibernate.dialect.H2Dialect
2021-06-22 20:20:31.221  INFO 9516 --- [main] o.h.e.t.j.p.i.JtaPlatformInitiator       : HHH000490: Using JtaPlatform implementation: [org.hibernate.engine.transaction.jta.platform.internal.NoJtaPlatform]
2021-06-22 20:20:31.244  INFO 9516 --- [main] j.LocalContainerEntityManagerFactoryBean : Initialized JPA EntityManagerFactory for persistence unit 'default'
2021-06-22 20:20:32.481  WARN 9516 --- [main] JpaBaseConfiguration$JpaWebConfiguration : spring.jpa.open-in-view is enabled by default. Therefore, database queries may be performed during view rendering. Explicitly configure spring.jpa.open-in-view to disable this warning
2021-06-22 20:20:33.003  WARN 9516 --- [main] ConfigServletWebServerApplicationContext : Exception encountered during context initialization - cancelling refresh attempt: org.springframework.context.ApplicationContextException: Failed to start bean 'webServerStartStop'; nested exception is org.springframework.boot.web.server.PortInUseException: Port 8081 is already in use
2021-06-22 20:20:33.006  INFO 9516 --- [main] j.LocalContainerEntityManagerFactoryBean : Closing JPA EntityManagerFactory for persistence unit 'default'
2021-06-22 20:20:33.007  INFO 9516 --- [main] .SchemaDropperImpl$DelayedDropActionImpl : HHH000477: Starting delayed evictData of schema as part of SessionFactory shut-down'
2021-06-22 20:20:33.319  INFO 9516 --- [main] com.zaxxer.hikari.HikariDataSource       : HikariPool-1 - Shutdown initiated...
2021-06-22 20:20:33.326  INFO 9516 --- [main] com.zaxxer.hikari.HikariDataSource       : HikariPool-1 - Shutdown completed.
2021-06-22 20:20:33.334  INFO 9516 --- [main] o.apache.catalina.core.StandardService   : Stopping service [Tomcat]
2021-06-22 20:20:33.356  INFO 9516 --- [main] ConditionEvaluationReportLoggingListener : 

Error starting ApplicationContext. To display the conditions report re-run your application with 'debug' enabled.
2021-06-22 20:20:33.536 ERROR 9516 --- [main] o.s.b.d.LoggingFailureAnalysisReporter   : 

***************************
APPLICATION FAILED TO START
***************************

Description:

Web server failed to start. Port 8081 was already in use.

Action:

Identify and stop the process that's listening on port 8081 or configure this application to listen on another port.

2021-06-22 20:21:02.585  INFO 9804 --- [http-nio-8081-exec-5] c.e.demo.services.EmployeeServiceImpl    : get all employee method
2021-06-22 20:21:21.123  INFO 9804 --- [RMI TCP Connection(14)-127.0.0.1] inMXBeanRegistrar$SpringApplicationAdmin : Application shutdown requested.
2021-06-22 20:21:21.126  INFO 9804 --- [RMI TCP Connection(14)-127.0.0.1] o.s.b.a.ApplicationAvailabilityBean      : Application availability state ReadinessState changed from ACCEPTING_TRAFFIC to REFUSING_TRAFFIC
2021-06-22 20:21:40.862  INFO 848 --- [main] com.example.demo.DemoApplication         : Starting DemoApplication using Java 15.0.2 on DESKTOP-QH6JTDM with PID 848 (C:\Users\HP\Documents\workspace-spring-tool-suite-4-4.10.0.RELEASE\spring-security-curd\target\classes started by HP in C:\Users\HP\Documents\workspace-spring-tool-suite-4-4.10.0.RELEASE\spring-security-curd)
2021-06-22 20:21:40.870  INFO 848 --- [main] com.example.demo.DemoApplication         : No active profile set, falling back to default profiles: default
2021-06-22 20:21:42.204  INFO 848 --- [main] .s.d.r.c.RepositoryConfigurationDelegate : Bootstrapping Spring Data JPA repositories in DEFAULT mode.
2021-06-22 20:21:42.309  INFO 848 --- [main] .s.d.r.c.RepositoryConfigurationDelegate : Finished Spring Data repository scanning in 90 ms. Found 1 JPA repository interfaces.
2021-06-22 20:21:43.683  INFO 848 --- [main] o.s.b.w.embedded.tomcat.TomcatWebServer  : Tomcat initialized with port(s): 8081 (http)
2021-06-22 20:21:43.711  INFO 848 --- [main] o.apache.catalina.core.StandardService   : Starting service [Tomcat]
2021-06-22 20:21:43.712  INFO 848 --- [main] org.apache.catalina.core.StandardEngine  : Starting Servlet engine: [Apache Tomcat/9.0.46]
2021-06-22 20:21:43.916  INFO 848 --- [main] o.a.c.c.C.[Tomcat].[localhost].[/]       : Initializing Spring embedded WebApplicationContext
2021-06-22 20:21:43.917  INFO 848 --- [main] w.s.c.ServletWebServerApplicationContext : Root WebApplicationContext: initialization completed in 2949 ms
2021-06-22 20:21:44.122  INFO 848 --- [main] com.zaxxer.hikari.HikariDataSource       : HikariPool-1 - Starting...
2021-06-22 20:21:44.443  INFO 848 --- [main] com.zaxxer.hikari.HikariDataSource       : HikariPool-1 - Start completed.
2021-06-22 20:21:44.529  INFO 848 --- [main] o.hibernate.jpa.internal.util.LogHelper  : HHH000204: Processing PersistenceUnitInfo [name: default]
2021-06-22 20:21:44.607  INFO 848 --- [main] org.hibernate.Version                    : HHH000412: Hibernate ORM core version 5.4.31.Final
2021-06-22 20:21:44.864  INFO 848 --- [main] o.hibernate.annotations.common.Version   : HCANN000001: Hibernate Commons Annotations {5.1.2.Final}
2021-06-22 20:21:45.103  INFO 848 --- [main] org.hibernate.dialect.Dialect            : HHH000400: Using dialect: org.hibernate.dialect.H2Dialect
2021-06-22 20:21:46.162  INFO 848 --- [main] o.h.e.t.j.p.i.JtaPlatformInitiator       : HHH000490: Using JtaPlatform implementation: [org.hibernate.engine.transaction.jta.platform.internal.NoJtaPlatform]
2021-06-22 20:21:46.176  INFO 848 --- [main] j.LocalContainerEntityManagerFactoryBean : Initialized JPA EntityManagerFactory for persistence unit 'default'
2021-06-22 20:21:46.879  WARN 848 --- [main] JpaBaseConfiguration$JpaWebConfiguration : spring.jpa.open-in-view is enabled by default. Therefore, database queries may be performed during view rendering. Explicitly configure spring.jpa.open-in-view to disable this warning
2021-06-22 20:21:47.463  INFO 848 --- [main] o.s.b.w.embedded.tomcat.TomcatWebServer  : Tomcat started on port(s): 8081 (http) with context path ''
2021-06-22 20:21:47.478  INFO 848 --- [main] com.example.demo.DemoApplication         : Started DemoApplication in 7.338 seconds (JVM running for 8.976)
2021-06-22 20:21:47.480  INFO 848 --- [main] o.s.b.a.ApplicationAvailabilityBean      : Application availability state LivenessState changed to CORRECT
2021-06-22 20:21:47.484  INFO 848 --- [main] o.s.b.a.ApplicationAvailabilityBean      : Application availability state ReadinessState changed to ACCEPTING_TRAFFIC
2021-06-22 20:21:55.488  INFO 848 --- [http-nio-8081-exec-1] o.a.c.c.C.[Tomcat].[localhost].[/]       : Initializing Spring DispatcherServlet 'dispatcherServlet'
2021-06-22 20:21:55.488  INFO 848 --- [http-nio-8081-exec-1] o.s.web.servlet.DispatcherServlet        : Initializing Servlet 'dispatcherServlet'
2021-06-22 20:21:55.490  INFO 848 --- [http-nio-8081-exec-1] o.s.web.servlet.DispatcherServlet        : Completed initialization in 1 ms
2021-06-22 20:22:41.113  INFO 848 --- [http-nio-8081-exec-1] c.e.demo.services.EmployeeServiceImpl    : get all employee method
2021-06-22 20:35:27.675  INFO 6008 --- [main] com.example.demo.DemoApplication         : Starting DemoApplication using Java 15.0.2 on DESKTOP-QH6JTDM with PID 6008 (C:\Users\HP\Documents\workspace-spring-tool-suite-4-4.10.0.RELEASE\spring-security-curd\target\classes started by HP in C:\Users\HP\Documents\workspace-spring-tool-suite-4-4.10.0.RELEASE\spring-security-curd)
2021-06-22 20:35:27.679  INFO 6008 --- [main] com.example.demo.DemoApplication         : No active profile set, falling back to default profiles: default
2021-06-22 20:35:29.020  INFO 6008 --- [main] .s.d.r.c.RepositoryConfigurationDelegate : Bootstrapping Spring Data JPA repositories in DEFAULT mode.
2021-06-22 20:35:29.183  INFO 6008 --- [main] .s.d.r.c.RepositoryConfigurationDelegate : Finished Spring Data repository scanning in 68 ms. Found 1 JPA repository interfaces.
2021-06-22 20:35:33.208  INFO 6008 --- [main] o.s.b.w.embedded.tomcat.TomcatWebServer  : Tomcat initialized with port(s): 8081 (http)
2021-06-22 20:35:33.331  INFO 6008 --- [main] o.apache.catalina.core.StandardService   : Starting service [Tomcat]
2021-06-22 20:35:33.332  INFO 6008 --- [main] org.apache.catalina.core.StandardEngine  : Starting Servlet engine: [Apache Tomcat/9.0.46]
2021-06-22 20:35:35.158  INFO 6008 --- [main] o.a.c.c.C.[Tomcat].[localhost].[/]       : Initializing Spring embedded WebApplicationContext
2021-06-22 20:35:35.159  INFO 6008 --- [main] w.s.c.ServletWebServerApplicationContext : Root WebApplicationContext: initialization completed in 7332 ms
2021-06-22 20:35:35.724  INFO 6008 --- [main] com.zaxxer.hikari.HikariDataSource       : HikariPool-1 - Starting...
2021-06-22 20:35:36.065  INFO 6008 --- [main] com.zaxxer.hikari.HikariDataSource       : HikariPool-1 - Start completed.
2021-06-22 20:35:37.265  INFO 6008 --- [main] o.hibernate.jpa.internal.util.LogHelper  : HHH000204: Processing PersistenceUnitInfo [name: default]
2021-06-22 20:35:40.088  INFO 6008 --- [main] org.hibernate.Version                    : HHH000412: Hibernate ORM core version 5.4.31.Final
2021-06-22 20:35:44.341  INFO 6008 --- [main] o.hibernate.annotations.common.Version   : HCANN000001: Hibernate Commons Annotations {5.1.2.Final}
2021-06-22 20:35:45.213  INFO 6008 --- [main] org.hibernate.dialect.Dialect            : HHH000400: Using dialect: org.hibernate.dialect.H2Dialect
2021-06-22 20:35:50.687  INFO 6008 --- [main] o.h.e.t.j.p.i.JtaPlatformInitiator       : HHH000490: Using JtaPlatform implementation: [org.hibernate.engine.transaction.jta.platform.internal.NoJtaPlatform]
2021-06-22 20:35:50.767  INFO 6008 --- [main] j.LocalContainerEntityManagerFactoryBean : Initialized JPA EntityManagerFactory for persistence unit 'default'
2021-06-22 20:35:51.669  WARN 6008 --- [main] JpaBaseConfiguration$JpaWebConfiguration : spring.jpa.open-in-view is enabled by default. Therefore, database queries may be performed during view rendering. Explicitly configure spring.jpa.open-in-view to disable this warning
2021-06-22 20:35:52.214  INFO 6008 --- [main] o.s.b.w.embedded.tomcat.TomcatWebServer  : Tomcat started on port(s): 8081 (http) with context path ''
2021-06-22 20:35:52.229  INFO 6008 --- [main] com.example.demo.DemoApplication         : Started DemoApplication in 25.174 seconds (JVM running for 26.155)
2021-06-22 20:35:52.231  INFO 6008 --- [main] o.s.b.a.ApplicationAvailabilityBean      : Application availability state LivenessState changed to CORRECT
2021-06-22 20:35:52.234  INFO 6008 --- [main] o.s.b.a.ApplicationAvailabilityBean      : Application availability state ReadinessState changed to ACCEPTING_TRAFFIC
2021-06-22 20:36:43.948  INFO 6008 --- [http-nio-8081-exec-1] o.a.c.c.C.[Tomcat].[localhost].[/]       : Initializing Spring DispatcherServlet 'dispatcherServlet'
2021-06-22 20:36:43.949  INFO 6008 --- [http-nio-8081-exec-1] o.s.web.servlet.DispatcherServlet        : Initializing Servlet 'dispatcherServlet'
2021-06-22 20:36:43.950  INFO 6008 --- [http-nio-8081-exec-1] o.s.web.servlet.DispatcherServlet        : Completed initialization in 1 ms
2021-06-22 20:36:44.379  INFO 6008 --- [http-nio-8081-exec-1] c.e.demo.services.EmployeeServiceImpl    : get all employee method
2021-06-22 20:37:14.266  INFO 6008 --- [http-nio-8081-exec-3] c.e.demo.services.EmployeeServiceImpl    : Record is saved successfully1
2021-06-22 20:37:27.214  INFO 6008 --- [http-nio-8081-exec-4] c.e.demo.services.EmployeeServiceImpl    : get all employee method
2021-06-22 20:37:32.822  INFO 6008 --- [http-nio-8081-exec-5] c.e.demo.services.EmployeeServiceImpl    : get all employee method
2021-06-22 20:37:34.077  INFO 6008 --- [http-nio-8081-exec-6] c.e.demo.services.EmployeeServiceImpl    : get all employee method
2021-06-22 21:33:26.270  INFO 6008 --- [RMI TCP Connection(77)-127.0.0.1] inMXBeanRegistrar$SpringApplicationAdmin : Application shutdown requested.
2021-06-22 21:33:26.270  INFO 6008 --- [RMI TCP Connection(78)-127.0.0.1] inMXBeanRegistrar$SpringApplicationAdmin : Application shutdown requested.
2021-06-22 21:33:28.003  INFO 6008 --- [RMI TCP Connection(78)-127.0.0.1] o.s.b.a.ApplicationAvailabilityBean      : Application availability state ReadinessState changed from ACCEPTING_TRAFFIC to REFUSING_TRAFFIC
